\BOOKMARK [1][-]{section.1}{آشنایی با CryptDB}{}% 1
\BOOKMARK [1][-]{section.2}{دلایل استفاده از CryptDB}{}% 2
\BOOKMARK [1][-]{section.3}{رمز نگاری پیازی}{}% 3
\BOOKMARK [2][-]{subsection.3.1}{لایه های پیازی}{section.3}% 4
\BOOKMARK [3][-]{subsubsection.3.1.1}{دستور GroupBy}{subsection.3.1}% 5
\BOOKMARK [3][-]{subsubsection.3.1.2}{دستور sum}{subsection.3.1}% 6
\BOOKMARK [1][-]{section.4}{شیوه های رمز نگاری}{}% 7
\BOOKMARK [2][-]{subsection.4.1}{RND}{section.4}% 8
\BOOKMARK [2][-]{subsection.4.2}{HOM}{section.4}% 9
\BOOKMARK [2][-]{subsection.4.3}{SEARCH}{section.4}% 10
\BOOKMARK [2][-]{subsection.4.4}{DET}{section.4}% 11
\BOOKMARK [2][-]{subsection.4.5}{OPE}{section.4}% 12
\BOOKMARK [2][-]{subsection.4.6}{JOIN\040,\040OPE-JOIN}{section.4}% 13
\BOOKMARK [1][-]{section.5}{اجرای CryptDB}{}% 14
\BOOKMARK [1][-]{section.6}{موارد استفاده CryptDB}{}% 15
\BOOKMARK [1][-]{section.7}{Query ها در CrypDB}{}% 16
\BOOKMARK [1][-]{section.8}{نتایج تست CryptDB در BenchMark ها}{}% 17
\BOOKMARK [1][-]{section.9}{JDBC}{}% 18
\BOOKMARK [1][-]{section.10}{MySQL\040about\040}{}% 19
\BOOKMARK [1][-]{section.11}{موارد مورد نیاز}{}% 20
\BOOKMARK [1][-]{section.12}{چگونگی نصب در Linux}{}% 21
\BOOKMARK [1][-]{section.13}{MySQL در java}{}% 22
\BOOKMARK [1][-]{section.14}{نحوه اتصال به MySQL }{}% 23
\BOOKMARK [1][-]{section.15}{برقراری ارتباط با DataBase}{}% 24
\BOOKMARK [1][-]{section.16}{نحوه فرستادن Query}{}% 25
\BOOKMARK [1][-]{section.17}{دریافت result}{}% 26
\BOOKMARK [1][-]{section.18}{گرفتن خطاها}{}% 27
